<?xml version="1.0" encoding="UTF-8"?>
<testsuite name="MinMaxCalculatorTest" tests="2" skipped="0" failures="0" errors="0" timestamp="2021-06-23T21:31:30" hostname="C02ZT78DMD6R" time="0.014">
  <properties/>
  <testcase name="testMax()" classname="MinMaxCalculatorTest" time="0.012"/>
  <testcase name="testMin()" classname="MinMaxCalculatorTest" time="0.001"/>
  <system-out><![CDATA[]]></system-out>
  <system-err><![CDATA[]]></system-err>
</testsuite>
